April 11th 2019, 1:56:20 pm: Error: No recipients defined
    at SMTPConnection._formatError (/Users/thomas/git/flatsearch/node_modules/nodemailer/lib/smtp-connection/index.js:605:19)
    at SMTPConnection._setEnvelope (/Users/thomas/git/flatsearch/node_modules/nodemailer/lib/smtp-connection/index.js:817:34)
    at SMTPConnection.send (/Users/thomas/git/flatsearch/node_modules/nodemailer/lib/smtp-connection/index.js:443:14)
    at sendMessage (/Users/thomas/git/flatsearch/node_modules/nodemailer/lib/smtp-transport/index.js:226:28)
    at connection.login.err (/Users/thomas/git/flatsearch/node_modules/nodemailer/lib/smtp-transport/index.js:284:25)
    at SMTPConnection._actionAUTHComplete (/Users/thomas/git/flatsearch/node_modules/nodemailer/lib/smtp-connection/index.js:1354:9)
    at SMTPConnection._responseActions.push.str (/Users/thomas/git/flatsearch/node_modules/nodemailer/lib/smtp-connection/index.js:378:26)
    at SMTPConnection._processResponse (/Users/thomas/git/flatsearch/node_modules/nodemailer/lib/smtp-connection/index.js:764:20)
    at SMTPConnection._onData (/Users/thomas/git/flatsearch/node_modules/nodemailer/lib/smtp-connection/index.js:570:14)
    at TLSSocket._socket.on.chunk (/Users/thomas/git/flatsearch/node_modules/nodemailer/lib/smtp-connection/index.js:522:47)
    at TLSSocket.emit (events.js:197:13)
    at addChunk (_stream_readable.js:288:12)
    at readableAddChunk (_stream_readable.js:269:11)
    at TLSSocket.Readable.push (_stream_readable.js:224:10)
    at TLSWrap.onStreamRead [as onread] (internal/stream_base_commons.js:145:17)
April 11th 2019, 1:57:40 pm: Email sent to: kontakt@weber-thomas.at
April 11th 2019, 1:58:30 pm: Email sent to: kontakt@weber-thomas.at
April 11th 2019, 2:02:20 pm: Email sent to: kontakt@weber-thomas.at
April 11th 2019, 3:58:30 pm: Email sent to: kontakt@weber-thomas.at
April 11th 2019, 3:59:00 pm: Email sent to: kontakt@weber-thomas.at
April 11th 2019, 4:17:27 pm: Email sent to: kontakt@weber-thomas.at
April 11th 2019, 4:20:00 pm: Email sent to: kontakt@weber-thomas.at
April 11th 2019, 5:08:22 pm: Email sent to: kontakt@weber-thomas.at
April 11th 2019, 5:08:30 pm: Email sent to: kontakt@weber-thomas.at
April 11th 2019, 5:11:00 pm: Email sent to: kontakt@weber-thomas.at
April 11th 2019, 5:13:30 pm: Email sent to: kontakt@weber-thomas.at
April 11th 2019, 5:16:10 pm: Email sent to: kontakt@weber-thomas.at
April 11th 2019, 5:16:20 pm: Email sent to: kontakt@weber-thomas.at
April 11th 2019, 5:16:30 pm: Email sent to: kontakt@weber-thomas.at
April 11th 2019, 5:16:40 pm: Email sent to: kontakt@weber-thomas.at
April 11th 2019, 5:16:50 pm: Email sent to: kontakt@weber-thomas.at
April 11th 2019, 5:17:00 pm: Email sent to: kontakt@weber-thomas.at
April 11th 2019, 5:18:36 pm: Email sent to: kontakt@weber-thomas.at
April 11th 2019, 5:19:00 pm: Email sent to: kontakt@weber-thomas.at
April 11th 2019, 5:20:09 pm: Email sent to: kontakt@weber-thomas.at
April 11th 2019, 5:20:30 pm: Email sent to: kontakt@weber-thomas.at
April 11th 2019, 5:21:00 pm: Email sent to: kontakt@weber-thomas.at
April 11th 2019, 5:35:03 pm: Email sent to: kontakt@weber-thomas.at
April 11th 2019, 5:35:30 pm: Email sent to: kontakt@weber-thomas.at
April 11th 2019, 6:48:13 pm: Email sent to: kontakt@weber-thomas.at
April 11th 2019, 6:48:30 pm: Email sent to: kontakt@weber-thomas.at
April 11th 2019, 6:50:00 pm: Email sent to: kontakt@weber-thomas.at
April 11th 2019, 6:52:30 pm: Email sent to: kontakt@weber-thomas.at
April 13th 2019, 12:43:02 am: Email sent to: kontakt@weber-thomas.at
April 13th 2019, 12:43:33 am: Email sent to: kontakt@weber-thomas.at
April 13th 2019, 12:45:00 am: Email sent to: kontakt@weber-thomas.at
April 13th 2019, 12:45:30 am: Email sent to: kontakt@weber-thomas.at
April 13th 2019, 12:46:03 am: Email sent to: kontakt@weber-thomas.at
April 13th 2019, 12:46:31 am: Email sent to: kontakt@weber-thomas.at
April 13th 2019, 12:47:30 am: Email sent to: kontakt@weber-thomas.at
April 13th 2019, 11:32:30 am: Email sent to: kontakt@weber-thomas.at
